Arguments: 
  /usr/local/Cellar/node/9.11.1/bin/node /usr/local/Cellar/yarn/1.5.1_1/libexec/bin/yarn.js add jest @babel/preset-typescript babel-jest @babel/core @babel/preset-env @types/jest --save-dev

PATH: 
  /Users/yawenina/.rvm/gems/ruby-2.0.0-p648/bin:/Users/yawenina/.rvm/gems/ruby-2.0.0-p648@global/bin:/Users/yawenina/.rvm/rubies/ruby-2.0.0-p648/bin:/usr/local/bin:/usr/bin:/bin:/usr/sbin:/sbin:/usr/local/mongodb/bin:/Users/yawenina/.rvm/bin

Yarn version: 
  1.5.1

Node version: 
  9.11.1

Platform: 
  darwin x64

npm manifest: 
  {
    "name": "zhiyi-labs",
    "version": "1.0.0",
    "description": "",
    "main": "index.js",
    "scripts": {
      "test": "jest"
    },
    "repository": {
      "type": "git",
      "url": "git+https://github.com/Yawenina/zhiyi-labs.git"
    },
    "keywords": [],
    "author": "",
    "license": "ISC",
    "bugs": {
      "url": "https://github.com/Yawenina/zhiyi-labs/issues"
    },
    "homepage": "https://github.com/Yawenina/zhiyi-labs#readme"
  }

yarn manifest: 
  No manifest

Lockfile: 
  No lockfile

Trace: 
  Error: Found incompatible module
      at new MessageError (/usr/local/Cellar/yarn/1.5.1_1/libexec/lib/cli.js:186:110)
      at checkOne (/usr/local/Cellar/yarn/1.5.1_1/libexec/lib/cli.js:62444:11)
      at Object.check (/usr/local/Cellar/yarn/1.5.1_1/libexec/lib/cli.js:62463:5)
      at /usr/local/Cellar/yarn/1.5.1_1/libexec/lib/cli.js:22803:73
      at Generator.next (<anonymous>)
      at step (/usr/local/Cellar/yarn/1.5.1_1/libexec/lib/cli.js:98:30)
      at /usr/local/Cellar/yarn/1.5.1_1/libexec/lib/cli.js:109:13
      at <anonymous>
